172.17.0.1 - - [26/Jul/2023:11:31:53 +0000] "GET /user/ucmc2020ssRoot/home_page?graph_name=spec_err.xml HTTP/1.1" 200 4169 
    "-" "Mozilla/5.0 (Macintosh; Intel Mac OS X 10_15_7) AppleWebKit/537.36 (KHTML, like Gecko) Chrome/114.0.0.0 Safari/537.36"
[2023-07-26 11:31:53,804] ERROR in app: Exception on /favicon.ico [GET]
Traceback (most recent call last):
  File "/home/flask_skipod/venv/lib/python3.6/site-packages/flask/app.py", line 1950, in full_dispatch_request
    rv = self.dispatch_request()
  File "/home/flask_skipod/venv/lib/python3.6/site-packages/flask/app.py", line 1926, in dispatch_request
    self.raise_routing_exception(req)
  File "/home/flask_skipod/venv/lib/python3.6/site-packages/flask/app.py", line 1908, in raise_routing_exception
    raise request.routing_exception
  File "/home/flask_skipod/venv/lib/python3.6/site-packages/flask/ctx.py", line 350, in match_request
    result = self.url_adapter.match(return_rule=True)
  File "/home/flask_skipod/venv/lib/python3.6/site-packages/werkzeug/routing.py", line 1945, in match
    raise NotFound()
werkzeug.exceptions.NotFound: 404 Not Found: The requested URL was not found on the server. If you entered the URL manually please check your spelling and try again.
During handling of the above exception, another exception occurred:
Traceback (most recent call last):
  File "/home/flask_skipod/venv/lib/python3.6/site-packages/flask/app.py", line 2447, in wsgi_app
    response = self.full_dispatch_request()
  File "/home/flask_skipod/venv/lib/python3.6/site-packages/flask/app.py", line 1952, in full_dispatch_request
    rv = self.handle_user_exception(e)
  File "/home/flask_skipod/venv/lib/python3.6/site-packages/flask/app.py", line 1816, in handle_user_exception
    return self.handle_http_exception(e)
  File "/home/flask_skipod/venv/lib/python3.6/site-packages/flask/app.py", line 1744, in handle_http_exception
    return handler(e)
TypeError: not_found_error() takes 0 positional arguments but 1 was given
172.17.0.1 - - [26/Jul/2023:11:31:53 +0000] "GET /favicon.ico HTTP/1.1" 500 2209 
    "http://localhost:3001/user/ucmc2020ssRoot/home_page?graph_name=spec_err.xml" 
    "Mozilla/5.0 (Macintosh; Intel Mac OS X 10_15_7) AppleWebKit/537.36 (KHTML, like Gecko) Chrome/114.0.0.0 Safari/537.36"